<?xml version="1.0" encoding="UTF-8"?>
<coverage generated="1618592728240" clover="3.2.0">
  <project timestamp="1618592728240" name="All files">
    <metrics statements="56" coveredstatements="48" conditionals="10" coveredconditionals="5" methods="15" coveredmethods="11" elements="81" coveredelements="64" complexity="0" loc="56" ncloc="56" packages="2" files="4" classes="4"/>
    <package name="R-and-R">
      <metrics statements="1" coveredstatements="1" conditionals="0" coveredconditionals="0" methods="1" coveredmethods="1"/>
      <file name="r-and-r.jsx" path="/home/tobias/Documents/HackReactor/Project-Catwalk-FEC/client/src/components/R-and-R/r-and-r.jsx">
        <metrics statements="1" coveredstatements="1" conditionals="0" coveredconditionals="0" methods="1" coveredmethods="1"/>
        <line num="5" count="3" type="stmt"/>
      </file>
    </package>
    <package name="R-and-R.components">
      <metrics statements="55" coveredstatements="47" conditionals="10" coveredconditionals="5" methods="14" coveredmethods="10"/>
      <file name="review-tile.jsx" path="/home/tobias/Documents/HackReactor/Project-Catwalk-FEC/client/src/components/R-and-R/components/review-tile.jsx">
        <metrics statements="42" coveredstatements="34" conditionals="10" coveredconditionals="5" methods="11" coveredmethods="7"/>
        <line num="10" count="6" type="stmt"/>
        <line num="15" count="6" type="cond" truecount="1" falsecount="1"/>
        <line num="16" count="6" type="stmt"/>
        <line num="23" count="0" type="cond" truecount="0" falsecount="2"/>
        <line num="24" count="0" type="stmt"/>
        <line num="25" count="0" type="stmt"/>
        <line num="30" count="12" type="stmt"/>
        <line num="31" count="12" type="stmt"/>
        <line num="32" count="12" type="stmt"/>
        <line num="33" count="12" type="stmt"/>
        <line num="34" count="900" type="cond" truecount="2" falsecount="0"/>
        <line num="35" count="12" type="stmt"/>
        <line num="36" count="12" type="stmt"/>
        <line num="37" count="12" type="stmt"/>
        <line num="40" count="12" type="stmt"/>
        <line num="41" count="12" type="stmt"/>
        <line num="46" count="6" type="cond" truecount="1" falsecount="1"/>
        <line num="47" count="6" type="stmt"/>
        <line num="49" count="6" type="stmt"/>
        <line num="52" count="6" type="stmt"/>
        <line num="61" count="6" type="stmt"/>
        <line num="64" count="0" type="stmt"/>
        <line num="68" count="6" type="stmt"/>
        <line num="69" count="6" type="cond" truecount="1" falsecount="1"/>
        <line num="70" count="6" type="stmt"/>
        <line num="71" count="6" type="stmt"/>
        <line num="86" count="0" type="stmt"/>
        <line num="95" count="0" type="stmt"/>
        <line num="98" count="7" type="stmt"/>
        <line num="99" count="6" type="stmt"/>
        <line num="102" count="6" type="stmt"/>
        <line num="103" count="6" type="stmt"/>
        <line num="104" count="6" type="stmt"/>
        <line num="105" count="6" type="stmt"/>
        <line num="106" count="6" type="stmt"/>
        <line num="107" count="6" type="stmt"/>
        <line num="108" count="6" type="stmt"/>
        <line num="110" count="6" type="stmt"/>
        <line num="112" count="6" type="stmt"/>
        <line num="113" count="6" type="stmt"/>
        <line num="146" count="0" type="stmt"/>
        <line num="156" count="0" type="stmt"/>
      </file>
      <file name="reviews-list.jsx" path="/home/tobias/Documents/HackReactor/Project-Catwalk-FEC/client/src/components/R-and-R/components/reviews-list.jsx">
        <metrics statements="6" coveredstatements="6" conditionals="0" coveredconditionals="0" methods="2" coveredmethods="2"/>
        <line num="6" count="3" type="stmt"/>
        <line num="7" count="3" type="stmt"/>
        <line num="9" count="6" type="stmt"/>
        <line num="13" count="3" type="stmt"/>
        <line num="19" count="4" type="stmt"/>
        <line num="20" count="3" type="stmt"/>
      </file>
      <file name="stars.jsx" path="/home/tobias/Documents/HackReactor/Project-Catwalk-FEC/client/src/components/R-and-R/components/stars.jsx">
        <metrics statements="7" coveredstatements="7" conditionals="0" coveredconditionals="0" methods="1" coveredmethods="1"/>
        <line num="6" count="6" type="stmt"/>
        <line num="7" count="6" type="stmt"/>
        <line num="8" count="6" type="stmt"/>
        <line num="9" count="6" type="stmt"/>
        <line num="10" count="6" type="stmt"/>
        <line num="11" count="6" type="stmt"/>
        <line num="12" count="6" type="stmt"/>
      </file>
    </package>
  </project>
</coverage>
