{"/home/tobias/Documents/HackReactor/Project-Catwalk-FEC/client/src/components/R-and-R/r-and-r.jsx": {"path":"/home/tobias/Documents/HackReactor/Project-Catwalk-FEC/client/src/components/R-and-R/r-and-r.jsx","statementMap":{"0":{"start":{"line":5,"column":2},"end":{"line":11,"column":4}}},"fnMap":{"0":{"name":"Review","decl":{"start":{"line":4,"column":9},"end":{"line":4,"column":15}},"loc":{"start":{"line":4,"column":18},"end":{"line":12,"column":1}},"line":4}},"branchMap":{},"s":{"0":3},"f":{"0":3},"b":{},"_coverageSchema":"1a1c01bbd47fc00a2c39e90264f33305004495a9","hash":"b93df6c5e4d0da2276a3e923c5a5ba47320b9c1a"}
,"/home/tobias/Documents/HackReactor/Project-Catwalk-FEC/client/src/components/R-and-R/components/review-tile.jsx": {"path":"/home/tobias/Documents/HackReactor/Project-Catwalk-FEC/client/src/components/R-and-R/components/review-tile.jsx","statementMap":{"0":{"start":{"line":10,"column":4},"end":{"line":10,"column":32}},"1":{"start":{"line":15,"column":4},"end":{"line":17,"column":5}},"2":{"start":{"line":16,"column":6},"end":{"line":16,"column":55}},"3":{"start":{"line":23,"column":4},"end":{"line":26,"column":5}},"4":{"start":{"line":24,"column":6},"end":{"line":24,"column":25}},"5":{"start":{"line":25,"column":6},"end":{"line":25,"column":22}},"6":{"start":{"line":30,"column":18},"end":{"line":30,"column":41}},"7":{"start":{"line":31,"column":19},"end":{"line":31,"column":27}},"8":{"start":{"line":32,"column":18},"end":{"line":32,"column":38}},"9":{"start":{"line":33,"column":4},"end":{"line":39,"column":5}},"10":{"start":{"line":33,"column":17},"end":{"line":33,"column":31}},"11":{"start":{"line":34,"column":6},"end":{"line":38,"column":7}},"12":{"start":{"line":35,"column":8},"end":{"line":35,"column":21}},"13":{"start":{"line":36,"column":8},"end":{"line":36,"column":42}},"14":{"start":{"line":37,"column":8},"end":{"line":37,"column":14}},"15":{"start":{"line":40,"column":25},"end":{"line":40,"column":49}},"16":{"start":{"line":41,"column":4},"end":{"line":41,"column":35}},"17":{"start":{"line":46,"column":4},"end":{"line":62,"column":5}},"18":{"start":{"line":47,"column":38},"end":{"line":47,"column":63}},"19":{"start":{"line":49,"column":19},"end":{"line":49,"column":53}},"20":{"start":{"line":52,"column":8},"end":{"line":59,"column":14}},"21":{"start":{"line":61,"column":6},"end":{"line":61,"column":30}},"22":{"start":{"line":64,"column":4},"end":{"line":64,"column":61}},"23":{"start":{"line":68,"column":28},"end":{"line":68,"column":43}},"24":{"start":{"line":69,"column":4},"end":{"line":94,"column":5}},"25":{"start":{"line":70,"column":38},"end":{"line":70,"column":63}},"26":{"start":{"line":71,"column":6},"end":{"line":93,"column":8}},"27":{"start":{"line":86,"column":27},"end":{"line":86,"column":41}},"28":{"start":{"line":95,"column":4},"end":{"line":95,"column":16}},"29":{"start":{"line":98,"column":22},"end":{"line":98,"column":37}},"30":{"start":{"line":99,"column":25},"end":{"line":99,"column":58}},"31":{"start":{"line":99,"column":40},"end":{"line":99,"column":57}},"32":{"start":{"line":102,"column":17},"end":{"line":102,"column":43}},"33":{"start":{"line":103,"column":17},"end":{"line":103,"column":45}},"34":{"start":{"line":104,"column":21},"end":{"line":104,"column":35}},"35":{"start":{"line":105,"column":48},"end":{"line":105,"column":59}},"36":{"start":{"line":106,"column":40},"end":{"line":106,"column":51}},"37":{"start":{"line":107,"column":40},"end":{"line":107,"column":55}},"38":{"start":{"line":108,"column":46},"end":{"line":108,"column":61}},"39":{"start":{"line":110,"column":19},"end":{"line":110,"column":1140}},"40":{"start":{"line":112,"column":16},"end":{"line":112,"column":143}},"41":{"start":{"line":113,"column":2},"end":{"line":160,"column":4}},"42":{"start":{"line":146,"column":98},"end":{"line":146,"column":182}},"43":{"start":{"line":156,"column":98},"end":{"line":156,"column":180}}},"fnMap":{"0":{"name":"ReviewTile","decl":{"start":{"line":6,"column":9},"end":{"line":6,"column":19}},"loc":{"start":{"line":6,"column":27},"end":{"line":161,"column":1}},"line":6},"1":{"name":"roundStars","decl":{"start":{"line":9,"column":11},"end":{"line":9,"column":21}},"loc":{"start":{"line":9,"column":28},"end":{"line":11,"column":3}},"line":9},"2":{"name":"isVerified","decl":{"start":{"line":14,"column":11},"end":{"line":14,"column":21}},"loc":{"start":{"line":14,"column":32},"end":{"line":18,"column":3}},"line":14},"3":{"name":"handleHelpfulClick","decl":{"start":{"line":20,"column":11},"end":{"line":20,"column":29}},"loc":{"start":{"line":20,"column":66},"end":{"line":27,"column":3}},"line":20},"4":{"name":"getBodyStrings","decl":{"start":{"line":29,"column":11},"end":{"line":29,"column":25}},"loc":{"start":{"line":29,"column":38},"end":{"line":42,"column":3}},"line":29},"5":{"name":"validateTitle","decl":{"start":{"line":44,"column":11},"end":{"line":44,"column":24}},"loc":{"start":{"line":44,"column":32},"end":{"line":65,"column":3}},"line":44},"6":{"name":"validateBody","decl":{"start":{"line":67,"column":11},"end":{"line":67,"column":23}},"loc":{"start":{"line":67,"column":30},"end":{"line":96,"column":3}},"line":67},"7":{"name":"(anonymous_7)","decl":{"start":{"line":86,"column":21},"end":{"line":86,"column":22}},"loc":{"start":{"line":86,"column":27},"end":{"line":86,"column":41}},"line":86},"8":{"name":"(anonymous_8)","decl":{"start":{"line":99,"column":34},"end":{"line":99,"column":35}},"loc":{"start":{"line":99,"column":40},"end":{"line":99,"column":57}},"line":99},"9":{"name":"(anonymous_9)","decl":{"start":{"line":146,"column":92},"end":{"line":146,"column":93}},"loc":{"start":{"line":146,"column":98},"end":{"line":146,"column":182}},"line":146},"10":{"name":"(anonymous_10)","decl":{"start":{"line":156,"column":92},"end":{"line":156,"column":93}},"loc":{"start":{"line":156,"column":98},"end":{"line":156,"column":180}},"line":156}},"branchMap":{"0":{"loc":{"start":{"line":15,"column":4},"end":{"line":17,"column":5}},"type":"if","locations":[{"start":{"line":15,"column":4},"end":{"line":17,"column":5}},{"start":{"line":15,"column":4},"end":{"line":17,"column":5}}],"line":15},"1":{"loc":{"start":{"line":23,"column":4},"end":{"line":26,"column":5}},"type":"if","locations":[{"start":{"line":23,"column":4},"end":{"line":26,"column":5}},{"start":{"line":23,"column":4},"end":{"line":26,"column":5}}],"line":23},"2":{"loc":{"start":{"line":34,"column":6},"end":{"line":38,"column":7}},"type":"if","locations":[{"start":{"line":34,"column":6},"end":{"line":38,"column":7}},{"start":{"line":34,"column":6},"end":{"line":38,"column":7}}],"line":34},"3":{"loc":{"start":{"line":46,"column":4},"end":{"line":62,"column":5}},"type":"if","locations":[{"start":{"line":46,"column":4},"end":{"line":62,"column":5}},{"start":{"line":46,"column":4},"end":{"line":62,"column":5}}],"line":46},"4":{"loc":{"start":{"line":69,"column":4},"end":{"line":94,"column":5}},"type":"if","locations":[{"start":{"line":69,"column":4},"end":{"line":94,"column":5}},{"start":{"line":69,"column":4},"end":{"line":94,"column":5}}],"line":69}},"s":{"0":6,"1":6,"2":6,"3":0,"4":0,"5":0,"6":12,"7":12,"8":12,"9":12,"10":12,"11":900,"12":12,"13":12,"14":12,"15":12,"16":12,"17":6,"18":6,"19":6,"20":6,"21":6,"22":0,"23":6,"24":6,"25":6,"26":6,"27":0,"28":0,"29":7,"30":6,"31":6,"32":6,"33":6,"34":6,"35":6,"36":6,"37":6,"38":6,"39":6,"40":6,"41":6,"42":0,"43":0},"f":{"0":7,"1":6,"2":6,"3":0,"4":12,"5":6,"6":6,"7":0,"8":6,"9":0,"10":0},"b":{"0":[6,0],"1":[0,0],"2":[12,888],"3":[6,0],"4":[6,0]},"_coverageSchema":"1a1c01bbd47fc00a2c39e90264f33305004495a9","hash":"e67babb6ff9f78e92028746727b91c202e285100"}
,"/home/tobias/Documents/HackReactor/Project-Catwalk-FEC/client/src/components/R-and-R/components/reviews-list.jsx": {"path":"/home/tobias/Documents/HackReactor/Project-Catwalk-FEC/client/src/components/R-and-R/components/reviews-list.jsx","statementMap":{"0":{"start":{"line":6,"column":21},"end":{"line":6,"column":23}},"1":{"start":{"line":7,"column":2},"end":{"line":12,"column":3}},"2":{"start":{"line":7,"column":15},"end":{"line":7,"column":16}},"3":{"start":{"line":9,"column":4},"end":{"line":11,"column":6}},"4":{"start":{"line":13,"column":2},"end":{"line":13,"column":20}},"5":{"start":{"line":19,"column":22},"end":{"line":19,"column":37}},"6":{"start":{"line":20,"column":2},"end":{"line":24,"column":4}}},"fnMap":{"0":{"name":"renderTiles","decl":{"start":{"line":5,"column":9},"end":{"line":5,"column":20}},"loc":{"start":{"line":5,"column":28},"end":{"line":14,"column":1}},"line":5},"1":{"name":"ReviewsList","decl":{"start":{"line":16,"column":9},"end":{"line":16,"column":20}},"loc":{"start":{"line":16,"column":28},"end":{"line":25,"column":1}},"line":16}},"branchMap":{},"s":{"0":3,"1":3,"2":3,"3":6,"4":3,"5":4,"6":3},"f":{"0":3,"1":4},"b":{},"_coverageSchema":"1a1c01bbd47fc00a2c39e90264f33305004495a9","hash":"49278b986aa478d0e039b94f9119cd49606e4557"}
,"/home/tobias/Documents/HackReactor/Project-Catwalk-FEC/client/src/components/R-and-R/components/stars.jsx": {"path":"/home/tobias/Documents/HackReactor/Project-Catwalk-FEC/client/src/components/R-and-R/components/stars.jsx","statementMap":{"0":{"start":{"line":6,"column":21},"end":{"line":6,"column":36}},"1":{"start":{"line":7,"column":21},"end":{"line":7,"column":36}},"2":{"start":{"line":8,"column":26},"end":{"line":8,"column":41}},"3":{"start":{"line":9,"column":30},"end":{"line":9,"column":45}},"4":{"start":{"line":10,"column":25},"end":{"line":10,"column":40}},"5":{"start":{"line":11,"column":22},"end":{"line":11,"column":37}},"6":{"start":{"line":12,"column":2},"end":{"line":25,"column":4}}},"fnMap":{"0":{"name":"Stars","decl":{"start":{"line":4,"column":9},"end":{"line":4,"column":14}},"loc":{"start":{"line":4,"column":22},"end":{"line":26,"column":1}},"line":4}},"branchMap":{},"s":{"0":6,"1":6,"2":6,"3":6,"4":6,"5":6,"6":6},"f":{"0":6},"b":{},"_coverageSchema":"1a1c01bbd47fc00a2c39e90264f33305004495a9","hash":"eb683c5a5a01508562291a2c1aa37128cc0eab8d"}
}
