TN:
SF:client/src/components/R-and-R/r-and-r.jsx
FN:4,Review
FNF:1
FNH:0
FNDA:0,Review
DA:5,0
LF:1
LH:0
BRF:0
BRH:0
end_of_record
TN:
SF:client/src/components/R-and-R/components/review-tile.jsx
FN:6,ReviewTile
FN:9,roundStars
FN:14,isVerified
FN:20,handleHelpfulClick
FN:29,getBodyStrings
FN:44,validateTitle
FN:65,validateBody
FN:84,(anonymous_7)
FN:97,(anonymous_8)
FN:144,(anonymous_9)
FN:154,(anonymous_10)
FNF:11
FNH:0
FNDA:0,ReviewTile
FNDA:0,roundStars
FNDA:0,isVerified
FNDA:0,handleHelpfulClick
FNDA:0,getBodyStrings
FNDA:0,validateTitle
FNDA:0,validateBody
FNDA:0,(anonymous_7)
FNDA:0,(anonymous_8)
FNDA:0,(anonymous_9)
FNDA:0,(anonymous_10)
DA:10,0
DA:15,0
DA:16,0
DA:23,0
DA:24,0
DA:25,0
DA:30,0
DA:31,0
DA:32,0
DA:33,0
DA:34,0
DA:35,0
DA:36,0
DA:37,0
DA:40,0
DA:41,0
DA:46,0
DA:47,0
DA:49,0
DA:52,0
DA:59,0
DA:62,0
DA:66,0
DA:67,0
DA:68,0
DA:69,0
DA:84,0
DA:93,0
DA:96,0
DA:97,0
DA:100,0
DA:101,0
DA:102,0
DA:103,0
DA:104,0
DA:105,0
DA:106,0
DA:108,0
DA:110,0
DA:111,0
DA:144,0
DA:154,0
LF:42
LH:0
BRDA:15,0,0,0
BRDA:15,0,1,0
BRDA:23,1,0,0
BRDA:23,1,1,0
BRDA:34,2,0,0
BRDA:34,2,1,0
BRDA:46,3,0,0
BRDA:46,3,1,0
BRDA:67,4,0,0
BRDA:67,4,1,0
BRF:10
BRH:0
end_of_record
TN:
SF:client/src/components/R-and-R/components/reviews-list.jsx
FN:5,renderTiles
FN:16,ReviewsList
FNF:2
FNH:0
FNDA:0,renderTiles
FNDA:0,ReviewsList
DA:6,0
DA:7,0
DA:9,0
DA:13,0
DA:19,0
DA:20,0
LF:6
LH:0
BRF:0
BRH:0
end_of_record
TN:
SF:client/src/components/R-and-R/components/stars.jsx
FN:4,Stars
FNF:1
FNH:0
FNDA:0,Stars
DA:6,0
DA:7,0
DA:8,0
DA:9,0
DA:10,0
DA:11,0
DA:12,0
LF:7
LH:0
BRF:0
BRH:0
end_of_record
