TN:
SF:client/src/components/R-and-R/r-and-r.jsx
FN:4,Review
FNF:1
FNH:1
FNDA:3,Review
DA:5,3
LF:1
LH:1
BRF:0
BRH:0
end_of_record
TN:
SF:client/src/components/R-and-R/components/review-tile.jsx
FN:6,ReviewTile
FN:9,roundStars
FN:14,isVerified
FN:20,handleHelpfulClick
FN:29,getBodyStrings
FN:44,validateTitle
FN:67,validateBody
FN:86,(anonymous_7)
FN:99,(anonymous_8)
FN:146,(anonymous_9)
FN:156,(anonymous_10)
FNF:11
FNH:7
FNDA:7,ReviewTile
FNDA:6,roundStars
FNDA:6,isVerified
FNDA:0,handleHelpfulClick
FNDA:12,getBodyStrings
FNDA:6,validateTitle
FNDA:6,validateBody
FNDA:0,(anonymous_7)
FNDA:6,(anonymous_8)
FNDA:0,(anonymous_9)
FNDA:0,(anonymous_10)
DA:10,6
DA:15,6
DA:16,6
DA:23,0
DA:24,0
DA:25,0
DA:30,12
DA:31,12
DA:32,12
DA:33,12
DA:34,900
DA:35,12
DA:36,12
DA:37,12
DA:40,12
DA:41,12
DA:46,6
DA:47,6
DA:49,6
DA:52,6
DA:61,6
DA:64,0
DA:68,6
DA:69,6
DA:70,6
DA:71,6
DA:86,0
DA:95,0
DA:98,7
DA:99,6
DA:102,6
DA:103,6
DA:104,6
DA:105,6
DA:106,6
DA:107,6
DA:108,6
DA:110,6
DA:112,6
DA:113,6
DA:146,0
DA:156,0
LF:42
LH:34
BRDA:15,0,0,6
BRDA:15,0,1,0
BRDA:23,1,0,0
BRDA:23,1,1,0
BRDA:34,2,0,12
BRDA:34,2,1,888
BRDA:46,3,0,6
BRDA:46,3,1,0
BRDA:69,4,0,6
BRDA:69,4,1,0
BRF:10
BRH:5
end_of_record
TN:
SF:client/src/components/R-and-R/components/reviews-list.jsx
FN:5,renderTiles
FN:16,ReviewsList
FNF:2
FNH:2
FNDA:3,renderTiles
FNDA:4,ReviewsList
DA:6,3
DA:7,3
DA:9,6
DA:13,3
DA:19,4
DA:20,3
LF:6
LH:6
BRF:0
BRH:0
end_of_record
TN:
SF:client/src/components/R-and-R/components/stars.jsx
FN:4,Stars
FNF:1
FNH:1
FNDA:6,Stars
DA:6,6
DA:7,6
DA:8,6
DA:9,6
DA:10,6
DA:11,6
DA:12,6
LF:7
LH:7
BRF:0
BRH:0
end_of_record
